2025-02-18 02:49:51 - groq_handler - INFO - Processando pergunta: meu nome é Diego
2025-02-18 02:49:53 - groq_handler - INFO - Resposta processada com sucesso
2025-02-18 02:50:00 - groq_handler - INFO - Processando pergunta: Qual é meu nome?
2025-02-18 02:50:01 - groq_handler - INFO - Resposta processada com sucesso
2025-02-18 02:58:10 - groq_handler - INFO - Processando pergunta: me chamo Diego
2025-02-18 02:58:10 - groq_handler - INFO - Processando pergunta: me chamo Diego
2025-02-18 02:58:11 - groq_handler - INFO - Resposta processada com sucesso
2025-02-18 02:58:11 - groq_handler - INFO - Resposta processada com sucesso
2025-02-18 03:01:09 - groq_handler - INFO - Processando pergunta: meu nome é Diego
2025-02-18 03:01:09 - groq_handler - INFO - Processando pergunta: meu nome é Diego
2025-02-18 03:01:10 - groq_handler - INFO - Resposta processada com sucesso
2025-02-18 03:01:10 - groq_handler - INFO - Resposta processada com sucesso
2025-02-18 03:01:25 - groq_handler - INFO - Processando pergunta: qual é meu nome?
2025-02-18 03:01:25 - groq_handler - INFO - Processando pergunta: qual é meu nome?
2025-02-18 03:01:27 - groq_handler - INFO - Resposta processada com sucesso
2025-02-18 03:01:27 - groq_handler - INFO - Resposta processada com sucesso
2025-02-18 03:01:33 - groq_handler - INFO - Processando pergunta: qual é meu nome?
2025-02-18 03:01:33 - groq_handler - INFO - Processando pergunta: qual é meu nome?
2025-02-18 03:01:35 - groq_handler - INFO - Resposta processada com sucesso
2025-02-18 03:01:35 - groq_handler - INFO - Resposta processada com sucesso
2025-02-18 03:04:24 - groq_handler - INFO - Processando pergunta: qual é o Seu nome?
2025-02-18 03:04:24 - groq_handler - INFO - Processando pergunta: qual é o Seu nome?
2025-02-18 03:04:25 - groq_handler - INFO - Resposta processada com sucesso
2025-02-18 03:04:25 - groq_handler - INFO - Resposta processada com sucesso
