2025-02-16 23:38:07,998 - document_processor - INFO - DocumentProcessor inicializado para: temp/Origem.pdf
2025-02-16 23:38:07,999 - document_processor - INFO - Processando PDF: temp/Origem.pdf
2025-02-16 23:38:08,432 - document_processor - INFO - Carregadas 11 páginas do PDF
2025-02-16 23:38:08,434 - document_processor - INFO - Documento dividido em 30 chunks
2025-02-16 23:38:08,435 - document_processor - INFO - Processamento concluído com sucesso
2025-02-16 23:38:21,420 - document_processor - INFO - DocumentProcessor inicializado para: temp/Origem.pdf
2025-02-16 23:38:21,421 - document_processor - INFO - Processando PDF: temp/Origem.pdf
2025-02-16 23:38:21,598 - document_processor - INFO - DocumentProcessor inicializado para: temp/Origem.pdf
2025-02-16 23:38:21,598 - document_processor - INFO - Processando PDF: temp/Origem.pdf
2025-02-16 23:38:21,782 - document_processor - INFO - Carregadas 11 páginas do PDF
2025-02-16 23:38:21,797 - document_processor - INFO - Documento dividido em 30 chunks
2025-02-16 23:38:21,803 - document_processor - INFO - Processamento concluído com sucesso
2025-02-16 23:38:22,216 - document_processor - INFO - Carregadas 11 páginas do PDF
2025-02-16 23:38:22,219 - document_processor - INFO - Documento dividido em 30 chunks
2025-02-16 23:38:22,219 - document_processor - INFO - Processamento concluído com sucesso
2025-02-16 23:40:40,976 - document_processor - INFO - DocumentProcessor inicializado para: temp/Origem.pdf
2025-02-16 23:40:40,976 - document_processor - INFO - Processando PDF: temp/Origem.pdf
2025-02-16 23:40:41,363 - document_processor - INFO - Carregadas 11 páginas do PDF
2025-02-16 23:40:41,366 - document_processor - INFO - Documento dividido em 30 chunks
2025-02-16 23:40:41,366 - document_processor - INFO - Processamento concluído com sucesso
2025-02-16 23:40:48,503 - document_processor - INFO - DocumentProcessor inicializado para: temp/Origem.pdf
2025-02-16 23:40:48,504 - document_processor - INFO - Processando PDF: temp/Origem.pdf
2025-02-16 23:40:48,811 - document_processor - INFO - Carregadas 11 páginas do PDF
2025-02-16 23:40:48,813 - document_processor - INFO - Documento dividido em 30 chunks
2025-02-16 23:40:48,813 - document_processor - INFO - Processamento concluído com sucesso
2025-02-16 23:40:53,693 - document_processor - INFO - DocumentProcessor inicializado para: temp/Origem.pdf
2025-02-16 23:40:53,694 - document_processor - INFO - Processando PDF: temp/Origem.pdf
2025-02-16 23:40:54,003 - document_processor - INFO - Carregadas 11 páginas do PDF
2025-02-16 23:40:54,005 - document_processor - INFO - Documento dividido em 30 chunks
2025-02-16 23:40:54,005 - document_processor - INFO - Processamento concluído com sucesso
