2025-02-17 22:22:08 - qa_chain - INFO - Processando pergunta: oi
2025-02-17 22:22:09 - qa_chain - INFO - Resposta gerada com sucesso
2025-02-17 22:24:52 - qa_chain - INFO - Processando pergunta: oi
2025-02-17 22:24:52 - qa_chain - INFO - Processando pergunta: oi
2025-02-17 22:24:54 - qa_chain - INFO - Resposta gerada com sucesso
2025-02-17 22:24:54 - qa_chain - INFO - Resposta gerada com sucesso
2025-02-17 22:25:27 - qa_chain - INFO - Processando pergunta: oi
2025-02-17 22:25:27 - qa_chain - INFO - Processando pergunta: oi
2025-02-17 22:25:27 - qa_chain - INFO - Processando pergunta: oi
2025-02-17 22:25:28 - qa_chain - INFO - Resposta gerada com sucesso
2025-02-17 22:25:28 - qa_chain - INFO - Resposta gerada com sucesso
2025-02-17 22:25:28 - qa_chain - INFO - Resposta gerada com sucesso
2025-02-17 22:26:49 - qa_chain - INFO - Processando pergunta: oi
2025-02-17 22:26:49 - qa_chain - INFO - Processando pergunta: oi
2025-02-17 22:26:49 - qa_chain - INFO - Processando pergunta: oi
2025-02-17 22:26:49 - qa_chain - INFO - Processando pergunta: oi
2025-02-17 22:27:04 - qa_chain - INFO - Resposta gerada com sucesso
2025-02-17 22:27:04 - qa_chain - INFO - Resposta gerada com sucesso
2025-02-17 22:27:04 - qa_chain - INFO - Resposta gerada com sucesso
2025-02-17 22:27:04 - qa_chain - INFO - Resposta gerada com sucesso
2025-02-17 22:27:11 - qa_chain - INFO - Processando pergunta: tudo bem?
2025-02-17 22:27:11 - qa_chain - INFO - Processando pergunta: tudo bem?
2025-02-17 22:27:11 - qa_chain - INFO - Processando pergunta: tudo bem?
2025-02-17 22:27:11 - qa_chain - INFO - Processando pergunta: tudo bem?
2025-02-17 22:27:15 - qa_chain - INFO - Resposta gerada com sucesso
2025-02-17 22:27:15 - qa_chain - INFO - Resposta gerada com sucesso
2025-02-17 22:27:15 - qa_chain - INFO - Resposta gerada com sucesso
2025-02-17 22:27:15 - qa_chain - INFO - Resposta gerada com sucesso
2025-02-17 22:27:20 - qa_chain - INFO - Processando pergunta: oi
2025-02-17 22:27:20 - qa_chain - INFO - Processando pergunta: oi
2025-02-17 22:27:20 - qa_chain - INFO - Processando pergunta: oi
2025-02-17 22:27:20 - qa_chain - INFO - Processando pergunta: oi
2025-02-17 22:27:21 - qa_chain - INFO - Resposta gerada com sucesso
2025-02-17 22:27:21 - qa_chain - INFO - Resposta gerada com sucesso
2025-02-17 22:27:21 - qa_chain - INFO - Resposta gerada com sucesso
2025-02-17 22:27:21 - qa_chain - INFO - Resposta gerada com sucesso
2025-02-17 22:27:27 - qa_chain - INFO - Processando pergunta: tudo bem?
2025-02-17 22:27:27 - qa_chain - INFO - Processando pergunta: tudo bem?
2025-02-17 22:27:27 - qa_chain - INFO - Processando pergunta: tudo bem?
2025-02-17 22:27:27 - qa_chain - INFO - Processando pergunta: tudo bem?
2025-02-17 22:27:30 - qa_chain - INFO - Resposta gerada com sucesso
2025-02-17 22:27:30 - qa_chain - INFO - Resposta gerada com sucesso
2025-02-17 22:27:30 - qa_chain - INFO - Resposta gerada com sucesso
2025-02-17 22:27:30 - qa_chain - INFO - Resposta gerada com sucesso
2025-02-17 22:27:39 - qa_chain - INFO - Processando pergunta: tudo bem?
2025-02-17 22:27:39 - qa_chain - INFO - Processando pergunta: tudo bem?
2025-02-17 22:27:39 - qa_chain - INFO - Processando pergunta: tudo bem?
2025-02-17 22:27:39 - qa_chain - INFO - Processando pergunta: tudo bem?
2025-02-17 22:27:40 - qa_chain - INFO - Resposta gerada com sucesso
2025-02-17 22:27:40 - qa_chain - INFO - Resposta gerada com sucesso
2025-02-17 22:27:40 - qa_chain - INFO - Resposta gerada com sucesso
2025-02-17 22:27:40 - qa_chain - INFO - Resposta gerada com sucesso
2025-02-17 22:28:25 - qa_chain - INFO - QAChain inicializado com modelo de embeddings: sentence-transformers/all-MiniLM-L6-v2
2025-02-17 22:28:25 - qa_chain - INFO - Adicionando 14 documentos ao sistema
2025-02-17 22:28:26 - qa_chain - INFO - Documentos adicionados com sucesso
2025-02-17 22:30:09 - qa_chain - INFO - Processando pergunta: sinais cripto?
2025-02-17 22:30:09 - qa_chain - INFO - Processando pergunta: sinais cripto?
2025-02-17 22:30:09 - qa_chain - INFO - Processando pergunta: sinais cripto?
2025-02-17 22:30:09 - qa_chain - INFO - Processando pergunta: sinais cripto?
2025-02-17 22:30:12 - qa_chain - INFO - Resposta gerada com sucesso
2025-02-17 22:30:12 - qa_chain - INFO - Resposta gerada com sucesso
2025-02-17 22:30:12 - qa_chain - INFO - Resposta gerada com sucesso
2025-02-17 22:30:12 - qa_chain - INFO - Resposta gerada com sucesso
2025-02-17 22:30:20 - qa_chain - INFO - Processando pergunta: quero lucrar
2025-02-17 22:30:20 - qa_chain - INFO - Processando pergunta: quero lucrar
2025-02-17 22:30:20 - qa_chain - INFO - Processando pergunta: quero lucrar
2025-02-17 22:30:20 - qa_chain - INFO - Processando pergunta: quero lucrar
2025-02-17 22:30:22 - qa_chain - INFO - Resposta gerada com sucesso
2025-02-17 22:30:22 - qa_chain - INFO - Resposta gerada com sucesso
2025-02-17 22:30:22 - qa_chain - INFO - Resposta gerada com sucesso
2025-02-17 22:30:22 - qa_chain - INFO - Resposta gerada com sucesso
2025-02-17 22:30:35 - qa_chain - INFO - Processando pergunta: mas se eu perder dinheiro?
2025-02-17 22:30:35 - qa_chain - INFO - Processando pergunta: mas se eu perder dinheiro?
2025-02-17 22:30:35 - qa_chain - INFO - Processando pergunta: mas se eu perder dinheiro?
2025-02-17 22:30:35 - qa_chain - INFO - Processando pergunta: mas se eu perder dinheiro?
2025-02-17 22:30:37 - qa_chain - INFO - Resposta gerada com sucesso
2025-02-17 22:30:37 - qa_chain - INFO - Resposta gerada com sucesso
2025-02-17 22:30:37 - qa_chain - INFO - Resposta gerada com sucesso
2025-02-17 22:30:37 - qa_chain - INFO - Resposta gerada com sucesso
2025-02-17 22:49:12 - qa_chain - INFO - Processando pergunta: oi
2025-02-17 22:49:12 - qa_chain - INFO - Processando pergunta: oi
2025-02-17 22:49:12 - qa_chain - INFO - Processando pergunta: oi
2025-02-17 22:49:12 - qa_chain - INFO - Processando pergunta: oi
2025-02-17 22:49:12 - qa_chain - INFO - Processando pergunta: oi
2025-02-17 22:49:19 - qa_chain - INFO - Resposta gerada com sucesso
2025-02-17 22:49:19 - qa_chain - INFO - Resposta gerada com sucesso
2025-02-17 22:49:19 - qa_chain - INFO - Resposta gerada com sucesso
2025-02-17 22:49:19 - qa_chain - INFO - Resposta gerada com sucesso
2025-02-17 22:49:19 - qa_chain - INFO - Resposta gerada com sucesso
2025-02-17 22:49:24 - qa_chain - INFO - Processando pergunta: tudo bem?
2025-02-17 22:49:24 - qa_chain - INFO - Processando pergunta: tudo bem?
2025-02-17 22:49:24 - qa_chain - INFO - Processando pergunta: tudo bem?
2025-02-17 22:49:24 - qa_chain - INFO - Processando pergunta: tudo bem?
2025-02-17 22:49:24 - qa_chain - INFO - Processando pergunta: tudo bem?
2025-02-17 22:49:30 - qa_chain - INFO - Resposta gerada com sucesso
2025-02-17 22:49:30 - qa_chain - INFO - Resposta gerada com sucesso
2025-02-17 22:49:30 - qa_chain - INFO - Resposta gerada com sucesso
2025-02-17 22:49:30 - qa_chain - INFO - Resposta gerada com sucesso
2025-02-17 22:49:30 - qa_chain - INFO - Resposta gerada com sucesso
2025-02-17 22:49:32 - qa_chain - INFO - Processando pergunta: cripto
2025-02-17 22:49:32 - qa_chain - INFO - Processando pergunta: cripto
2025-02-17 22:49:32 - qa_chain - INFO - Processando pergunta: cripto
2025-02-17 22:49:32 - qa_chain - INFO - Processando pergunta: cripto
2025-02-17 22:49:32 - qa_chain - INFO - Processando pergunta: cripto
2025-02-17 22:49:34 - qa_chain - INFO - Resposta gerada com sucesso
2025-02-17 22:49:34 - qa_chain - INFO - Resposta gerada com sucesso
2025-02-17 22:49:34 - qa_chain - INFO - Resposta gerada com sucesso
2025-02-17 22:49:34 - qa_chain - INFO - Resposta gerada com sucesso
2025-02-17 22:49:34 - qa_chain - INFO - Resposta gerada com sucesso
2025-02-17 22:53:21 - qa_chain - INFO - Processando pergunta: quem alexandre?
2025-02-17 22:53:21 - qa_chain - INFO - Processando pergunta: quem alexandre?
2025-02-17 22:53:21 - qa_chain - INFO - Processando pergunta: quem alexandre?
2025-02-17 22:53:21 - qa_chain - INFO - Processando pergunta: quem alexandre?
2025-02-17 22:53:21 - qa_chain - INFO - Processando pergunta: quem alexandre?
2025-02-17 22:53:24 - qa_chain - INFO - Resposta gerada com sucesso
2025-02-17 22:53:24 - qa_chain - INFO - Resposta gerada com sucesso
2025-02-17 22:53:24 - qa_chain - INFO - Resposta gerada com sucesso
2025-02-17 22:53:24 - qa_chain - INFO - Resposta gerada com sucesso
2025-02-17 22:53:24 - qa_chain - INFO - Resposta gerada com sucesso
